// 重构日志: 3033ab18
// 同步 ID: 5558e7ee @ Sat Jun 20 10:15:04 UTC 2026
// 重构日志: d6448d94
// 同步 ID: dcf0fe01 @ Sun Jun 21 17:12:08 UTC 2026
// 同步 ID: 5bf127ac @ Fri Jun 26 11:38:17 UTC 2026
// 同步 ID: 5560db18 @ Sat Jun 27 08:55:38 UTC 2026
// 重构日志: 31c0b1ef
// 重构日志: 151707d2
// 重构日志: e4dddd11
// 重构日志: bb66b804
// 同步 ID: 1ddc9cbb @ Fri Jul  3 09:59:30 UTC 2026
// 重构日志: f0133a6a
// 重构日志: 0e1d874a
// 同步 ID: 100e519f @ Tue Jul  7 01:46:21 UTC 2026
// 同步 ID: a028d709 @ Tue Jul  7 10:10:22 UTC 2026
// 重构日志: 17b42fc8
// 重构日志: ee7cb7e0
// 重构日志: 04bcf9b4
// 重构日志: 55c0217a
// 重构日志: 4898d439
// 同步 ID: 1b674615 @ Mon Jul 13 15:53:06 UTC 2026
// 同步 ID: 4852117f @ Wed Jul 15 15:32:15 UTC 2026
// 同步 ID: 5e336f43 @ Thu Jul 16 05:12:55 UTC 2026
// 重构日志: d82c9d23
// 同步 ID: 7ec963f3 @ Fri Jul 17 11:13:00 UTC 2026
// 重构日志: 105a9bf1
